<?xml version="1.0" encoding="UTF-8"?>
<!-- Generated by org.testng.reporters.JUnitReportReporter -->
<testsuite hostname="DESKTOP-HMGTCUM" failures="0" tests="2" name="Test.day4" time="0.008" errors="0" timestamp="2025-09-21T20:24:12 IST" skipped="0">
  <testcase classname="Test.day4" name="LoginAPIHomeLoan" time="0.003"/>
  <testcase classname="Test.day4" name="WebLoginHomeLoan" time="0.005"/>
</testsuite> <!-- Test.day4 -->
