<?xml version="1.0" encoding="UTF-8"?>
<!-- Generated by org.testng.reporters.JUnitReportReporter -->
<testsuite hostname="Prathamesh091824" failures="0" tests="3" name="Test.day4" time="0.004" errors="0" timestamp="2025-09-22T23:59:53 IST" skipped="0">
  <testcase classname="Test.day4" name="LoginAPIHomeLoan" time="0.002"/>
  <testcase classname="Test.day4" name="WebLoginHomeLoan" time="0.001"/>
  <testcase classname="Test.day4" name="MobileLoginHomeLoan" time="0.001"/>
</testsuite> <!-- Test.day4 -->
