<?xml version="1.0" encoding="UTF-8"?>
<!-- Generated by org.testng.reporters.JUnitReportReporter -->
<testsuite hostname="Prathamesh091824" failures="0" tests="1" name="Test.day1" time="0.008" errors="0" timestamp="2025-09-22T23:59:53 IST" skipped="0">
  <testcase classname="Test.day1" name="Demo" time="0.008"/>
</testsuite> <!-- Test.day1 -->
