<?xml version="1.0" encoding="UTF-8"?>
<!-- Generated by org.testng.reporters.JUnitReportReporter -->
<testsuite hostname="DESKTOP-HMGTCUM" failures="0" tests="1" name="Test.day2" time="0.021" errors="0" timestamp="2025-09-21T20:20:05 IST" skipped="0">
  <testcase classname="Test.day2" name="ploan" time="0.021"/>
</testsuite> <!-- Test.day2 -->
