<?xml version="1.0" encoding="UTF-8"?>
<!-- Generated by org.testng.reporters.JUnitReportReporter -->
<testsuite hostname="DESKTOP-HMGTCUM" failures="0" tests="5" name="Test.day3" time="0.037" errors="0" timestamp="2025-09-21T20:36:55 IST" skipped="1">
  <testcase classname="Test.day3" name="MobileSignIn" time="0.006"/>
  <testcase classname="Test.day3" name="WebLoginCarLoan" time="0.005"/>
  <testcase classname="Test.day3" name="LoginAPICarLoan" time="0.005"/>
  <testcase classname="Test.day3" name="MobileLoginCarLoan" time="0.021"/>
  <testcase classname="Test.day3" name="MobileSignOut">
    <skipped/>
  </testcase> <!-- MobileSignOut -->
</testsuite> <!-- Test.day3 -->
